<?xml version="1.0" encoding="UTF-8"?>
<testng-results ignored="0" total="1" passed="1" failed="0" skipped="0">
  <reporter-output>
  </reporter-output>
  <suite started-at="2025-02-22T00:19:08 IST" name="Suite" finished-at="2025-02-22T00:21:27 IST" duration-ms="139479">
    <groups>
    </groups>
    <test started-at="2025-02-22T00:19:08 IST" name="Test" finished-at="2025-02-22T00:21:27 IST" duration-ms="139479">
      <class name="google_cloud.ExecutionGoogleCloud">
        <test-method signature="googleCloudRunner()[pri:0, instance:google_cloud.ExecutionGoogleCloud@76908cc0]" started-at="2025-02-22T00:19:08 IST" name="googleCloudRunner" finished-at="2025-02-22T00:21:27 IST" duration-ms="139447" status="PASS">
          <reporter-output>
          </reporter-output>
        </test-method> <!-- googleCloudRunner -->
      </class> <!-- google_cloud.ExecutionGoogleCloud -->
    </test> <!-- Test -->
  </suite> <!-- Suite -->
</testng-results>
